\BOOKMARK [1][-]{section.1}{\376\377\000G\000r\000o\000u\000p\000\040\000I\000n\000f\000o\000r\000m\000a\000t\000i\000o\000n}{}% 1
\BOOKMARK [1][-]{section.2}{\376\377\000T\000a\000b\000l\000e\000\040\000o\000f\000\040\000C\000o\000n\000t\000r\000i\000b\000u\000t\000i\000o\000n}{}% 2
<<<<<<< HEAD
\BOOKMARK [1][-]{section.3}{\376\377\000L\000i\000s\000t\000\040\000o\000f\000\040\000R\000e\000f\000e\000r\000e\000n\000c\000e\000s}{}% 3
=======
\BOOKMARK [1][-]{section.3}{\376\377\000A\000c\000k\000n\000o\000w\000l\000e\000d\000g\000e\000m\000e\000n\000t}{}% 3
\BOOKMARK [1][-]{section.4}{\376\377\000I\000n\000t\000r\000o\000d\000u\000c\000t\000i\000o\000n}{}% 4
\BOOKMARK [1][-]{section.5}{\376\377\000P\000r\000o\000j\000e\000c\000t\000\040\000S\000t\000r\000u\000c\000t\000u\000r\000e}{}% 5
\BOOKMARK [2][-]{subsection.5.1}{\376\377\000F\000o\000l\000d\000e\000r\000\040\000S\000t\000r\000u\000c\000t\000u\000r\000e}{section.5}% 6
\BOOKMARK [2][-]{subsection.5.2}{\376\377\000F\000i\000l\000e\000\040\000S\000t\000r\000u\000c\000t\000u\000r\000e}{section.5}% 7
\BOOKMARK [2][-]{subsection.5.3}{\376\377\000V\000a\000r\000i\000a\000b\000l\000e\000,\000\040\000c\000o\000n\000s\000t\000a\000n\000t\000,\000\040\000c\000l\000a\000s\000s\000,\000\040\000s\000t\000r\000u\000c\000t\000u\000r\000e}{section.5}% 8
\BOOKMARK [2][-]{subsection.5.4}{\376\377\000F\000u\000n\000c\000t\000i\000o\000n\000\040\000P\000r\000o\000t\000o\000t\000y\000p\000e\000\040\000a\000n\000d\000\040\000D\000e\000f\000i\000n\000i\000t\000i\000o\000n}{section.5}% 9
\BOOKMARK [1][-]{section.6}{\376\377\000C\000h\000a\000r\000t}{}% 10
\BOOKMARK [2][-]{subsection.6.1}{\376\377\000C\000o\000r\000e\000\040\000c\000l\000a\000s\000s\000\040\000r\000e\000l\000a\000t\000i\000o\000n\000s\000h\000i\000p}{section.6}% 11
\BOOKMARK [2][-]{subsection.6.2}{\376\377\000G\000U\000I\000\040\000f\000u\000n\000c\000t\000i\000o\000n\000\040\000r\000e\000l\000a\000t\000i\000o\000n\000s\000h\000i\000p}{section.6}% 12
\BOOKMARK [2][-]{subsection.6.3}{\376\377\000P\000r\000o\000g\000r\000a\000m\000\040\000f\000l\000o\000w\000c\000h\000a\000r\000t}{section.6}% 13
\BOOKMARK [1][-]{section.7}{\376\377\000S\000D\000L\0002\000\040\000G\000a\000m\000e\000\040\000S\000t\000r\000u\000c\000t\000u\000r\000e}{}% 14
\BOOKMARK [2][-]{subsection.7.1}{\376\377\000C\000o\000r\000e\000\040\000C\000o\000m\000p\000o\000n\000e\000n\000t\000s}{section.7}% 15
\BOOKMARK [1][-]{section.8}{\376\377\000L\000i\000s\000t\000\040\000o\000f\000\040\000R\000e\000f\000e\000r\000e\000n\000c\000e\000s}{}% 16
>>>>>>> master
